<?xml version="1.0" encoding="UTF-8"?>
<testng-results ignored="0" total="1" passed="1" failed="0" skipped="0">
  <reporter-output>
  </reporter-output>
  <suite started-at="2021-02-19T07:45:06Z" name="Default suite" finished-at="2021-02-19T07:46:01Z" duration-ms="54694">
    <groups>
    </groups>
    <test started-at="2021-02-19T07:45:06Z" name="Default test" finished-at="2021-02-19T07:46:01Z" duration-ms="54694">
      <class name="info.seleniumcucumber.userStepDefintions.Stepdef">
        <test-method is-config="true" signature="login_to_saucedemo_app()[pri:0, instance:info.seleniumcucumber.userStepDefintions.Stepdef@56c4278e]" started-at="2021-02-19T07:45:06Z" name="login_to_saucedemo_app" finished-at="2021-02-19T07:45:48Z" duration-ms="42315" status="PASS">
          <reporter-output>
          </reporter-output>
        </test-method> <!-- login_to_saucedemo_app -->
        <test-method is-config="true" signature="entercredts()[pri:0, instance:info.seleniumcucumber.userStepDefintions.Stepdef@56c4278e]" started-at="2021-02-19T07:45:48Z" name="entercredts" finished-at="2021-02-19T07:45:57Z" duration-ms="8399" status="PASS">
          <reporter-output>
          </reporter-output>
        </test-method> <!-- entercredts -->
        <test-method signature="test()[pri:0, instance:info.seleniumcucumber.userStepDefintions.Stepdef@56c4278e]" started-at="2021-02-19T07:45:57Z" name="test" finished-at="2021-02-19T07:45:59Z" duration-ms="2650" status="PASS">
          <reporter-output>
          </reporter-output>
        </test-method> <!-- test -->
        <test-method is-config="true" signature="logout()[pri:0, instance:info.seleniumcucumber.userStepDefintions.Stepdef@56c4278e]" started-at="2021-02-19T07:45:59Z" name="logout" finished-at="2021-02-19T07:46:00Z" duration-ms="303" status="PASS">
          <reporter-output>
          </reporter-output>
        </test-method> <!-- logout -->
        <test-method is-config="true" signature="quit()[pri:0, instance:info.seleniumcucumber.userStepDefintions.Stepdef@56c4278e]" started-at="2021-02-19T07:46:00Z" name="quit" finished-at="2021-02-19T07:46:01Z" duration-ms="1005" status="PASS">
          <reporter-output>
          </reporter-output>
        </test-method> <!-- quit -->
      </class> <!-- info.seleniumcucumber.userStepDefintions.Stepdef -->
    </test> <!-- Default test -->
  </suite> <!-- Default suite -->
</testng-results>
